============================================================
Time  2018/01/04 10:54:22 398 
============================================================
[2018/01/04 10:54:22 398] isr        1659 isr loaded!  
[2018/01/04 10:54:22 398] isr        1642 SYS_MSG_REGCB param0 =   msp_status_cb  param1 =   func(84014340) 
[2018/01/04 10:54:22 398] isr        1537 ASR_MSG_SSB  
[2018/01/04 10:54:22 398] isr        1066 session_begin() [in], params:   sub = asr, result_type = plain, result_encoding = utf8,sample_rate = 16000,aue = speex-wb  ba7a1d07bbb7144b3c4963e2dfa56f56  
[2018/01/04 10:54:22 398] isr        927  vad_set [in]  
[2018/01/04 10:54:22 398] isr        962  vad_enable :  true  
[2018/01/04 10:54:22 398] isr        980  vad_bos :  10000  
[2018/01/04 10:54:22 398] isr        981  vad_eos :  2000  
[2018/01/04 10:54:22 398] isr        886  enable_vad [in]  
[2018/01/04 10:54:22 398] isr        918  vad enabled!  2000  10000  
[2018/01/04 10:54:22 399] isr        921  enable_vad [out]  
[2018/01/04 10:54:22 399] isr        987  vad_set [out] | ret =  0  
[2018/01/04 10:54:22 399] isr        1187 cur_engine_type =   cloud  
[2018/01/04 10:54:22 399] isr        1001 cloud_session_begin  
[2018/01/04 10:54:22 399] isr        1013 standard  
[2018/01/04 10:54:22 401] isr        1547 ASR_MSG_AUW,   cloud  
[2018/01/04 10:54:22 401] isr        1559 6400  1  
[2018/01/04 10:54:22 401] isr        1569 once_bytes:   6400  
[2018/01/04 10:54:22 403] isr        851  [aud] speech start  
[2018/01/04 10:54:22 403] isr        798  1  msc  
[2018/01/04 10:54:22 601] isr        1547 ASR_MSG_AUW,   cloud  
[2018/01/04 10:54:22 601] isr        1559 6400  2  
[2018/01/04 10:54:22 801] isr        1547 ASR_MSG_AUW,   cloud  
[2018/01/04 10:54:22 801] isr        1559 6400  2  
[2018/01/04 10:54:23 002] isr        1547 ASR_MSG_AUW,   cloud  
[2018/01/04 10:54:23 002] isr        1559 6400  2  
[2018/01/04 10:54:23 202] isr        1547 ASR_MSG_AUW,   cloud  
[2018/01/04 10:54:23 202] isr        1559 6400  2  
[2018/01/04 10:54:23 402] isr        1547 ASR_MSG_AUW,   cloud  
[2018/01/04 10:54:23 402] isr        1559 6400  2  
[2018/01/04 10:54:23 603] isr        1547 ASR_MSG_AUW,   cloud  
[2018/01/04 10:54:23 603] isr        1559 6400  2  
[2018/01/04 10:54:23 662] isr        700  cloud_status_cb, eps:  1  
[2018/01/04 10:54:23 662] isr        798  1  cloud  
[2018/01/04 10:54:23 662] isr        813  cloud eps ignored  
[2018/01/04 10:54:23 803] isr        1547 ASR_MSG_AUW,   cloud  
[2018/01/04 10:54:23 803] isr        1559 6400  2  
[2018/01/04 10:54:24 003] isr        1547 ASR_MSG_AUW,   cloud  
[2018/01/04 10:54:24 003] isr        1559 6400  2  
[2018/01/04 10:54:24 204] isr        1547 ASR_MSG_AUW,   cloud  
[2018/01/04 10:54:24 204] isr        1559 6400  2  
[2018/01/04 10:54:24 404] isr        1547 ASR_MSG_AUW,   cloud  
[2018/01/04 10:54:24 404] isr        1559 6400  2  
[2018/01/04 10:54:24 604] isr        1547 ASR_MSG_AUW,   cloud  
[2018/01/04 10:54:24 604] isr        1559 6400  2  
[2018/01/04 10:54:24 805] isr        1547 ASR_MSG_AUW,   cloud  
[2018/01/04 10:54:24 805] isr        1559 6400  2  
[2018/01/04 10:54:25 005] isr        1547 ASR_MSG_AUW,   cloud  
[2018/01/04 10:54:25 005] isr        1559 6400  2  
[2018/01/04 10:54:25 206] isr        1547 ASR_MSG_AUW,   cloud  
[2018/01/04 10:54:25 206] isr        1559 6400  2  
[2018/01/04 10:54:25 406] isr        1547 ASR_MSG_AUW,   cloud  
[2018/01/04 10:54:25 406] isr        1559 6400  2  
[2018/01/04 10:54:25 606] isr        1547 ASR_MSG_AUW,   cloud  
[2018/01/04 10:54:25 606] isr        1559 6400  2  
[2018/01/04 10:54:25 807] isr        1547 ASR_MSG_AUW,   cloud  
[2018/01/04 10:54:25 807] isr        1559 6400  2  
[2018/01/04 10:54:26 007] isr        1547 ASR_MSG_AUW,   cloud  
[2018/01/04 10:54:26 007] isr        1559 6400  2  
[2018/01/04 10:54:26 207] isr        1547 ASR_MSG_AUW,   cloud  
[2018/01/04 10:54:26 208] isr        1559 6400  2  
[2018/01/04 10:54:26 408] isr        1547 ASR_MSG_AUW,   cloud  
[2018/01/04 10:54:26 408] isr        1559 11442  2  
[2018/01/04 10:54:26 608] isr        1547 ASR_MSG_AUW,   cloud  
[2018/01/04 10:54:26 608] isr        1559 0  4  
[2018/01/04 10:54:26 608] isr        1592 aud end, USER  
[2018/01/04 10:54:26 609] isr        854  [aud] speech end  
[2018/01/04 10:54:26 609] isr        798  3  msc  
[2018/01/04 10:54:26 609] isr        1636 ASR_MSG_GRSLT,   cloud  
[2018/01/04 10:54:26 609] isr        1335 0  nil  2  
[2018/01/04 10:54:26 760] isr        1636 ASR_MSG_GRSLT,   cloud  
[2018/01/04 10:54:26 760] isr        1335 0  nil  2  
[2018/01/04 10:54:26 910] isr        1636 ASR_MSG_GRSLT,   cloud  
[2018/01/04 10:54:26 910] isr        1335 0  nil  2  
[2018/01/04 10:54:27 061] isr        1636 ASR_MSG_GRSLT,   cloud  
[2018/01/04 10:54:27 061] isr        1335 0  nil  2  
[2018/01/04 10:54:27 212] isr        1636 ASR_MSG_GRSLT,   cloud  
[2018/01/04 10:54:27 212] isr        1335 0  nil  2  
[2018/01/04 10:54:27 241] isr        662  cloud_rslt_cb status =   5  
[2018/01/04 10:54:27 241] isr        641  process_result call:  cloud  udata(8400c258) 5  nil  
[2018/01/04 10:54:27 241] isr        798  3  msc  
[2018/01/04 10:54:27 242] isr        800  already speech end  
[2018/01/04 10:54:27 363] isr        1636 ASR_MSG_GRSLT,   cloud  
[2018/01/04 10:54:27 363] isr        1335 0  udata(8400c258) 5  
[2018/01/04 10:54:27 513] isr        1639 ASR_MSG_SSE,   cloud  
[2018/01/04 10:54:27 513] isr        1356 session_end() [in]  
[2018/01/04 10:54:27 514] isr        1421 cloud_session_end() [in]  
[2018/01/04 10:54:27 515] isr        1488 ns_host=  open.xf-yun.com  
[2018/01/04 10:54:27 515] isr        1498 tick()mod=  5294802  
[2018/01/04 10:54:27 515] isr        1499 tick()=  5294802  
[2018/01/04 10:54:27 515] isr        1501 diff=  5006  
[2018/01/04 10:54:27 515] isr        1514 cloud_session_end() [out]  
[2018/01/04 10:54:27 516] isr        1667 isr unload!  
============================================================
Time  2018/01/04 14:21:14 309 
============================================================
[2018/01/04 14:21:14 309] isr        1659 isr loaded!  
[2018/01/04 14:21:14 309] isr        1642 SYS_MSG_REGCB param0 =   msp_status_cb  param1 =   func(3c02ccf0) 
[2018/01/04 14:21:14 309] isr        1537 ASR_MSG_SSB  
[2018/01/04 14:21:14 309] isr        1066 session_begin() [in], params:   sub = iat, domain = iat, language = zh_cn, accent = mandarin, sample_rate = 16000, result_type = plain, result_encoding = utf8  nil  
[2018/01/04 14:21:14 309] isr        927  vad_set [in]  
[2018/01/04 14:21:14 309] isr        962  vad_enable :  true  
[2018/01/04 14:21:14 309] isr        980  vad_bos :  10000  
[2018/01/04 14:21:14 309] isr        981  vad_eos :  2000  
[2018/01/04 14:21:14 309] isr        886  enable_vad [in]  
[2018/01/04 14:21:14 310] isr        918  vad enabled!  2000  10000  
[2018/01/04 14:21:14 310] isr        921  enable_vad [out]  
[2018/01/04 14:21:14 310] isr        987  vad_set [out] | ret =  0  
[2018/01/04 14:21:14 310] isr        1187 cur_engine_type =   cloud  
[2018/01/04 14:21:14 310] isr        1001 cloud_session_begin  
[2018/01/04 14:21:14 310] isr        1013 standard  
[2018/01/04 14:21:14 313] isr        1547 ASR_MSG_AUW,   cloud  
[2018/01/04 14:21:14 314] isr        1559 6400  1  
[2018/01/04 14:21:14 314] isr        1569 once_bytes:   6400  
[2018/01/04 14:21:14 317] isr        851  [aud] speech start  
[2018/01/04 14:21:14 317] isr        798  1  msc  
[2018/01/04 14:21:14 514] isr        1547 ASR_MSG_AUW,   cloud  
[2018/01/04 14:21:14 514] isr        1559 6400  2  
[2018/01/04 14:21:14 560] isr        700  cloud_status_cb, eps:  1  
[2018/01/04 14:21:14 560] isr        798  1  cloud  
[2018/01/04 14:21:14 560] isr        813  cloud eps ignored  
[2018/01/04 14:21:14 714] isr        1547 ASR_MSG_AUW,   cloud  
[2018/01/04 14:21:14 714] isr        1559 6400  2  
[2018/01/04 14:21:14 914] isr        1547 ASR_MSG_AUW,   cloud  
[2018/01/04 14:21:14 915] isr        1559 6400  2  
[2018/01/04 14:21:15 115] isr        1547 ASR_MSG_AUW,   cloud  
[2018/01/04 14:21:15 115] isr        1559 6400  2  
[2018/01/04 14:21:15 315] isr        1547 ASR_MSG_AUW,   cloud  
[2018/01/04 14:21:15 315] isr        1559 6400  2  
[2018/01/04 14:21:15 516] isr        1547 ASR_MSG_AUW,   cloud  
[2018/01/04 14:21:15 516] isr        1559 6400  2  
[2018/01/04 14:21:15 716] isr        1547 ASR_MSG_AUW,   cloud  
[2018/01/04 14:21:15 716] isr        1559 6400  2  
[2018/01/04 14:21:15 916] isr        1547 ASR_MSG_AUW,   cloud  
[2018/01/04 14:21:15 917] isr        1559 6400  2  
[2018/01/04 14:21:16 117] isr        1547 ASR_MSG_AUW,   cloud  
[2018/01/04 14:21:16 117] isr        1559 6400  2  
[2018/01/04 14:21:16 317] isr        1547 ASR_MSG_AUW,   cloud  
[2018/01/04 14:21:16 317] isr        1559 6400  2  
[2018/01/04 14:21:16 517] isr        1547 ASR_MSG_AUW,   cloud  
[2018/01/04 14:21:16 518] isr        1559 6400  2  
[2018/01/04 14:21:16 718] isr        1547 ASR_MSG_AUW,   cloud  
[2018/01/04 14:21:16 718] isr        1559 6400  2  
[2018/01/04 14:21:16 918] isr        1547 ASR_MSG_AUW,   cloud  
[2018/01/04 14:21:16 918] isr        1559 6400  2  
[2018/01/04 14:21:17 118] isr        1547 ASR_MSG_AUW,   cloud  
[2018/01/04 14:21:17 118] isr        1559 6400  2  
[2018/01/04 14:21:17 319] isr        1547 ASR_MSG_AUW,   cloud  
[2018/01/04 14:21:17 319] isr        1559 6400  2  
[2018/01/04 14:21:17 519] isr        1547 ASR_MSG_AUW,   cloud  
[2018/01/04 14:21:17 519] isr        1559 6400  2  
[2018/01/04 14:21:17 721] isr        1547 ASR_MSG_AUW,   cloud  
[2018/01/04 14:21:17 721] isr        1559 6400  2  
[2018/01/04 14:21:17 920] isr        1547 ASR_MSG_AUW,   cloud  
[2018/01/04 14:21:17 920] isr        1559 6400  2  
[2018/01/04 14:21:18 120] isr        1547 ASR_MSG_AUW,   cloud  
[2018/01/04 14:21:18 120] isr        1559 6400  2  
[2018/01/04 14:21:18 321] isr        1547 ASR_MSG_AUW,   cloud  
[2018/01/04 14:21:18 321] isr        1559 6400  2  
[2018/01/04 14:21:18 521] isr        1547 ASR_MSG_AUW,   cloud  
[2018/01/04 14:21:18 521] isr        1559 6400  2  
[2018/01/04 14:21:18 572] isr        662  cloud_rslt_cb status =   0  
[2018/01/04 14:21:18 572] isr        641  process_result call:  cloud  udata(3c0372b8) 0  nil  
[2018/01/04 14:21:18 721] isr        1547 ASR_MSG_AUW,   cloud  
[2018/01/04 14:21:18 721] isr        1559 7420  2  
[2018/01/04 14:21:18 922] isr        1547 ASR_MSG_AUW,   cloud  
[2018/01/04 14:21:18 922] isr        1559 0  4  
[2018/01/04 14:21:18 922] isr        1592 aud end, USER  
[2018/01/04 14:21:18 922] isr        854  [aud] speech end  
[2018/01/04 14:21:18 923] isr        798  3  msc  
[2018/01/04 14:21:18 923] isr        1636 ASR_MSG_GRSLT,   cloud  
[2018/01/04 14:21:18 923] isr        1335 0  udata(3c0372b8) 0  
[2018/01/04 14:21:18 957] isr        700  cloud_status_cb, eps:  3  
[2018/01/04 14:21:18 957] isr        798  3  cloud  
[2018/01/04 14:21:18 957] isr        800  already speech end  
[2018/01/04 14:21:18 959] isr        662  cloud_rslt_cb status =   5  
[2018/01/04 14:21:18 959] isr        641  process_result call:  cloud  udata(3c033558) 5  nil  
[2018/01/04 14:21:18 959] isr        798  3  msc  
[2018/01/04 14:21:18 959] isr        800  already speech end  
[2018/01/04 14:21:19 073] isr        1636 ASR_MSG_GRSLT,   cloud  
[2018/01/04 14:21:19 073] isr        1335 0  udata(3c033558) 5  
[2018/01/04 14:21:19 224] isr        1639 ASR_MSG_SSE,   cloud  
[2018/01/04 14:21:19 224] isr        1356 session_end() [in]  
[2018/01/04 14:21:19 224] isr        1421 cloud_session_end() [in]  
[2018/01/04 14:21:19 225] isr        1488 ns_host=  open.xf-yun.com  
[2018/01/04 14:21:19 225] isr        1498 tick()mod=  17706512  
[2018/01/04 14:21:19 225] isr        1499 tick()=  17706512  
[2018/01/04 14:21:19 225] isr        1501 diff=  4776  
[2018/01/04 14:21:19 225] isr        1514 cloud_session_end() [out]  
[2018/01/04 14:21:19 226] isr        1667 isr unload!  
============================================================
Time  2018/01/04 14:23:42 612 
============================================================
[2018/01/04 14:23:42 612] isr        1659 isr loaded!  
[2018/01/04 14:23:42 612] isr        1642 SYS_MSG_REGCB param0 =   msp_status_cb  param1 =   func(bc02ccc0) 
[2018/01/04 14:23:42 613] isr        1537 ASR_MSG_SSB  
[2018/01/04 14:23:42 613] isr        1066 session_begin() [in], params:   sub = iat, domain = iat, language = zh_cn, accent = mandarin, sample_rate = 16000, result_type = plain, result_encoding = utf8  nil  
[2018/01/04 14:23:42 613] isr        927  vad_set [in]  
[2018/01/04 14:23:42 613] isr        962  vad_enable :  true  
[2018/01/04 14:23:42 613] isr        980  vad_bos :  10000  
[2018/01/04 14:23:42 613] isr        981  vad_eos :  2000  
[2018/01/04 14:23:42 613] isr        886  enable_vad [in]  
[2018/01/04 14:23:42 613] isr        918  vad enabled!  2000  10000  
[2018/01/04 14:23:42 613] isr        921  enable_vad [out]  
[2018/01/04 14:23:42 613] isr        987  vad_set [out] | ret =  0  
[2018/01/04 14:23:42 613] isr        1187 cur_engine_type =   cloud  
[2018/01/04 14:23:42 613] isr        1001 cloud_session_begin  
[2018/01/04 14:23:42 613] isr        1013 standard  
[2018/01/04 14:23:42 615] isr        1547 ASR_MSG_AUW,   cloud  
[2018/01/04 14:23:42 615] isr        1559 6400  1  
[2018/01/04 14:23:42 615] isr        1569 once_bytes:   6400  
[2018/01/04 14:23:42 617] isr        851  [aud] speech start  
[2018/01/04 14:23:42 617] isr        798  1  msc  
[2018/01/04 14:23:42 816] isr        1547 ASR_MSG_AUW,   cloud  
[2018/01/04 14:23:42 816] isr        1559 6400  2  
[2018/01/04 14:23:42 866] isr        700  cloud_status_cb, eps:  1  
[2018/01/04 14:23:42 866] isr        798  1  cloud  
[2018/01/04 14:23:42 866] isr        813  cloud eps ignored  
[2018/01/04 14:23:43 016] isr        1547 ASR_MSG_AUW,   cloud  
[2018/01/04 14:23:43 016] isr        1559 6400  2  
[2018/01/04 14:23:43 216] isr        1547 ASR_MSG_AUW,   cloud  
[2018/01/04 14:23:43 216] isr        1559 6400  2  
[2018/01/04 14:23:43 417] isr        1547 ASR_MSG_AUW,   cloud  
[2018/01/04 14:23:43 417] isr        1559 6400  2  
[2018/01/04 14:23:43 617] isr        1547 ASR_MSG_AUW,   cloud  
[2018/01/04 14:23:43 617] isr        1559 6400  2  
[2018/01/04 14:23:43 817] isr        1547 ASR_MSG_AUW,   cloud  
[2018/01/04 14:23:43 817] isr        1559 7758  2  
[2018/01/04 14:23:44 018] isr        1547 ASR_MSG_AUW,   cloud  
[2018/01/04 14:23:44 018] isr        1559 0  4  
[2018/01/04 14:23:44 018] isr        1592 aud end, USER  
[2018/01/04 14:23:44 019] isr        854  [aud] speech end  
[2018/01/04 14:23:44 019] isr        798  3  msc  
[2018/01/04 14:23:44 019] isr        1636 ASR_MSG_GRSLT,   cloud  
[2018/01/04 14:23:44 019] isr        1335 0  nil  2  
[2018/01/04 14:23:44 120] isr        700  cloud_status_cb, eps:  3  
[2018/01/04 14:23:44 120] isr        798  3  cloud  
[2018/01/04 14:23:44 120] isr        800  already speech end  
[2018/01/04 14:23:44 121] isr        662  cloud_rslt_cb status =   0  
[2018/01/04 14:23:44 121] isr        641  process_result call:  cloud  udata(bc032cb8) 0  nil  
[2018/01/04 14:23:44 133] isr        662  cloud_rslt_cb status =   5  
[2018/01/04 14:23:44 133] isr        641  process_result call:  cloud  udata(bc031f68) 5  nil  
[2018/01/04 14:23:44 133] isr        798  3  msc  
[2018/01/04 14:23:44 133] isr        800  already speech end  
[2018/01/04 14:23:44 170] isr        1636 ASR_MSG_GRSLT,   cloud  
[2018/01/04 14:23:44 170] isr        1335 0  udata(bc032cb8) 0  
[2018/01/04 14:23:44 321] isr        1636 ASR_MSG_GRSLT,   cloud  
[2018/01/04 14:23:44 321] isr        1335 0  udata(bc031f68) 5  
[2018/01/04 14:23:44 471] isr        1639 ASR_MSG_SSE,   cloud  
[2018/01/04 14:23:44 471] isr        1356 session_end() [in]  
[2018/01/04 14:23:44 471] isr        1421 cloud_session_end() [in]  
[2018/01/04 14:23:44 472] isr        1488 ns_host=  open.xf-yun.com  
[2018/01/04 14:23:44 472] isr        1498 tick()mod=  17851759  
[2018/01/04 14:23:44 473] isr        1499 tick()=  17851759  
[2018/01/04 14:23:44 473] isr        1501 diff=  1728  
[2018/01/04 14:23:44 473] isr        1514 cloud_session_end() [out]  
[2018/01/04 14:23:44 473] isr        1667 isr unload!  
============================================================
Time  2018/01/04 15:55:48 839 
============================================================
[2018/01/04 15:55:48 839] isr        1659 isr loaded!  
[2018/01/04 15:55:48 840] isr        1642 SYS_MSG_REGCB param0 =   msp_status_cb  param1 =   func(6402cca0) 
[2018/01/04 15:55:48 840] isr        1537 ASR_MSG_SSB  
[2018/01/04 15:55:48 840] isr        1066 session_begin() [in], params:   sub = iat, domain = iat, language = zh_cn, accent = mandarin, sample_rate = 16000, result_type = plain, result_encoding = utf8  nil  
[2018/01/04 15:55:48 840] isr        927  vad_set [in]  
[2018/01/04 15:55:48 840] isr        962  vad_enable :  true  
[2018/01/04 15:55:48 840] isr        980  vad_bos :  10000  
[2018/01/04 15:55:48 840] isr        981  vad_eos :  2000  
[2018/01/04 15:55:48 840] isr        886  enable_vad [in]  
[2018/01/04 15:55:48 841] isr        918  vad enabled!  2000  10000  
[2018/01/04 15:55:48 841] isr        921  enable_vad [out]  
[2018/01/04 15:55:48 841] isr        987  vad_set [out] | ret =  0  
[2018/01/04 15:55:48 841] isr        1187 cur_engine_type =   cloud  
[2018/01/04 15:55:48 841] isr        1001 cloud_session_begin  
[2018/01/04 15:55:48 841] isr        1013 standard  
[2018/01/04 15:55:48 842] isr        1547 ASR_MSG_AUW,   cloud  
[2018/01/04 15:55:48 842] isr        1559 6400  1  
[2018/01/04 15:55:48 842] isr        1569 once_bytes:   6400  
[2018/01/04 15:55:48 847] isr        851  [aud] speech start  
[2018/01/04 15:55:48 847] isr        798  1  msc  
[2018/01/04 15:55:49 042] isr        1547 ASR_MSG_AUW,   cloud  
[2018/01/04 15:55:49 042] isr        1559 6400  2  
[2018/01/04 15:55:49 093] isr        700  cloud_status_cb, eps:  1  
[2018/01/04 15:55:49 093] isr        798  1  cloud  
[2018/01/04 15:55:49 093] isr        813  cloud eps ignored  
[2018/01/04 15:55:49 243] isr        1547 ASR_MSG_AUW,   cloud  
[2018/01/04 15:55:49 243] isr        1559 6400  2  
[2018/01/04 15:55:49 443] isr        1547 ASR_MSG_AUW,   cloud  
[2018/01/04 15:55:49 443] isr        1559 6400  2  
[2018/01/04 15:55:49 643] isr        1547 ASR_MSG_AUW,   cloud  
[2018/01/04 15:55:49 643] isr        1559 6400  2  
[2018/01/04 15:55:49 844] isr        1547 ASR_MSG_AUW,   cloud  
[2018/01/04 15:55:49 844] isr        1559 6400  2  
[2018/01/04 15:55:50 044] isr        1547 ASR_MSG_AUW,   cloud  
[2018/01/04 15:55:50 044] isr        1559 7758  2  
[2018/01/04 15:55:50 244] isr        1547 ASR_MSG_AUW,   cloud  
[2018/01/04 15:55:50 245] isr        1559 0  4  
[2018/01/04 15:55:50 245] isr        1592 aud end, USER  
[2018/01/04 15:55:50 245] isr        854  [aud] speech end  
[2018/01/04 15:55:50 245] isr        798  3  msc  
[2018/01/04 15:55:50 246] isr        1636 ASR_MSG_GRSLT,   cloud  
[2018/01/04 15:55:50 246] isr        1335 0  nil  2  
[2018/01/04 15:55:50 347] isr        700  cloud_status_cb, eps:  3  
[2018/01/04 15:55:50 347] isr        798  3  cloud  
[2018/01/04 15:55:50 347] isr        800  already speech end  
[2018/01/04 15:55:50 348] isr        662  cloud_rslt_cb status =   0  
[2018/01/04 15:55:50 348] isr        641  process_result call:  cloud  udata(640328b8) 0  nil  
[2018/01/04 15:55:50 358] isr        662  cloud_rslt_cb status =   5  
[2018/01/04 15:55:50 358] isr        641  process_result call:  cloud  udata(640330c8) 5  nil  
[2018/01/04 15:55:50 358] isr        798  3  msc  
[2018/01/04 15:55:50 358] isr        800  already speech end  
[2018/01/04 15:55:50 397] isr        1636 ASR_MSG_GRSLT,   cloud  
[2018/01/04 15:55:50 397] isr        1335 0  udata(640328b8) 0  
[2018/01/04 15:55:50 547] isr        1636 ASR_MSG_GRSLT,   cloud  
[2018/01/04 15:55:50 547] isr        1335 0  udata(640330c8) 5  
[2018/01/04 15:55:50 698] isr        1639 ASR_MSG_SSE,   cloud  
[2018/01/04 15:55:50 698] isr        1356 session_end() [in]  
[2018/01/04 15:55:50 698] isr        1421 cloud_session_end() [in]  
[2018/01/04 15:55:50 699] isr        1488 ns_host=  open.xf-yun.com  
[2018/01/04 15:55:50 699] isr        1498 tick()mod=  23377985  
[2018/01/04 15:55:50 699] isr        1499 tick()=  23377986  
[2018/01/04 15:55:50 699] isr        1501 diff=  1759  
[2018/01/04 15:55:50 699] isr        1514 cloud_session_end() [out]  
[2018/01/04 15:55:50 699] isr        1667 isr unload!  
============================================================
Time  2018/01/08 10:27:38 305 
============================================================
[2018/01/08 10:27:38 305] isr        1659 isr loaded!  
[2018/01/08 10:27:38 317] isr        1642 SYS_MSG_REGCB param0 =   msp_status_cb  param1 =   func(b002ccf0) 
[2018/01/08 10:27:38 317] isr        1537 ASR_MSG_SSB  
[2018/01/08 10:27:38 317] isr        1066 session_begin() [in], params:   sub = iat, domain = iat, language = zh_cn, accent = mandarin, sample_rate = 16000, result_type = plain, result_encoding = utf8  nil  
[2018/01/08 10:27:38 317] isr        927  vad_set [in]  
[2018/01/08 10:27:38 317] isr        962  vad_enable :  true  
[2018/01/08 10:27:38 317] isr        980  vad_bos :  10000  
[2018/01/08 10:27:38 317] isr        981  vad_eos :  2000  
[2018/01/08 10:27:38 317] isr        886  enable_vad [in]  
[2018/01/08 10:27:38 317] isr        918  vad enabled!  2000  10000  
[2018/01/08 10:27:38 317] isr        921  enable_vad [out]  
[2018/01/08 10:27:38 317] isr        987  vad_set [out] | ret =  0  
[2018/01/08 10:27:38 317] isr        1187 cur_engine_type =   cloud  
[2018/01/08 10:27:38 317] isr        1001 cloud_session_begin  
[2018/01/08 10:27:38 317] isr        1013 standard  
[2018/01/08 10:27:38 319] isr        1547 ASR_MSG_AUW,   cloud  
[2018/01/08 10:27:38 319] isr        1559 6400  1  
[2018/01/08 10:27:38 319] isr        1569 once_bytes:   6400  
[2018/01/08 10:27:38 321] isr        851  [aud] speech start  
[2018/01/08 10:27:38 321] isr        798  1  msc  
[2018/01/08 10:27:38 519] isr        1547 ASR_MSG_AUW,   cloud  
[2018/01/08 10:27:38 519] isr        1559 6400  2  
[2018/01/08 10:27:38 551] isr        700  cloud_status_cb, eps:  1  
[2018/01/08 10:27:38 551] isr        798  1  cloud  
[2018/01/08 10:27:38 551] isr        813  cloud eps ignored  
[2018/01/08 10:27:38 719] isr        1547 ASR_MSG_AUW,   cloud  
[2018/01/08 10:27:38 719] isr        1559 6400  2  
[2018/01/08 10:27:38 920] isr        1547 ASR_MSG_AUW,   cloud  
[2018/01/08 10:27:38 920] isr        1559 6400  2  
[2018/01/08 10:27:39 120] isr        1547 ASR_MSG_AUW,   cloud  
[2018/01/08 10:27:39 120] isr        1559 6400  2  
[2018/01/08 10:27:39 320] isr        1547 ASR_MSG_AUW,   cloud  
[2018/01/08 10:27:39 320] isr        1559 6400  2  
[2018/01/08 10:27:39 521] isr        1547 ASR_MSG_AUW,   cloud  
[2018/01/08 10:27:39 521] isr        1559 6400  2  
[2018/01/08 10:27:39 721] isr        1547 ASR_MSG_AUW,   cloud  
[2018/01/08 10:27:39 721] isr        1559 6400  2  
[2018/01/08 10:27:39 921] isr        1547 ASR_MSG_AUW,   cloud  
[2018/01/08 10:27:39 921] isr        1559 6400  2  
[2018/01/08 10:27:40 122] isr        1547 ASR_MSG_AUW,   cloud  
[2018/01/08 10:27:40 122] isr        1559 6400  2  
[2018/01/08 10:27:40 322] isr        1547 ASR_MSG_AUW,   cloud  
[2018/01/08 10:27:40 322] isr        1559 6400  2  
[2018/01/08 10:27:40 522] isr        1547 ASR_MSG_AUW,   cloud  
[2018/01/08 10:27:40 522] isr        1559 6400  2  
[2018/01/08 10:27:40 722] isr        1547 ASR_MSG_AUW,   cloud  
[2018/01/08 10:27:40 722] isr        1559 6400  2  
[2018/01/08 10:27:40 923] isr        1547 ASR_MSG_AUW,   cloud  
[2018/01/08 10:27:40 923] isr        1559 6400  2  
[2018/01/08 10:27:41 123] isr        1547 ASR_MSG_AUW,   cloud  
[2018/01/08 10:27:41 123] isr        1559 6400  2  
[2018/01/08 10:27:41 323] isr        1547 ASR_MSG_AUW,   cloud  
[2018/01/08 10:27:41 323] isr        1559 6400  2  
[2018/01/08 10:27:41 523] isr        1547 ASR_MSG_AUW,   cloud  
[2018/01/08 10:27:41 523] isr        1559 6400  2  
[2018/01/08 10:27:41 724] isr        1547 ASR_MSG_AUW,   cloud  
[2018/01/08 10:27:41 724] isr        1559 6400  2  
[2018/01/08 10:27:41 924] isr        1547 ASR_MSG_AUW,   cloud  
[2018/01/08 10:27:41 924] isr        1559 6400  2  
[2018/01/08 10:27:42 124] isr        1547 ASR_MSG_AUW,   cloud  
[2018/01/08 10:27:42 124] isr        1559 6400  2  
[2018/01/08 10:27:42 325] isr        1547 ASR_MSG_AUW,   cloud  
[2018/01/08 10:27:42 325] isr        1559 6400  2  
[2018/01/08 10:27:42 525] isr        1547 ASR_MSG_AUW,   cloud  
[2018/01/08 10:27:42 525] isr        1559 6400  2  
[2018/01/08 10:27:42 725] isr        1547 ASR_MSG_AUW,   cloud  
[2018/01/08 10:27:42 725] isr        1559 6400  2  
[2018/01/08 10:27:42 925] isr        1547 ASR_MSG_AUW,   cloud  
[2018/01/08 10:27:42 925] isr        1559 6400  2  
[2018/01/08 10:27:43 126] isr        1547 ASR_MSG_AUW,   cloud  
[2018/01/08 10:27:43 126] isr        1559 6400  2  
[2018/01/08 10:27:43 326] isr        1547 ASR_MSG_AUW,   cloud  
[2018/01/08 10:27:43 326] isr        1559 6400  2  
[2018/01/08 10:27:43 526] isr        1547 ASR_MSG_AUW,   cloud  
[2018/01/08 10:27:43 526] isr        1559 6400  2  
[2018/01/08 10:27:43 727] isr        1547 ASR_MSG_AUW,   cloud  
[2018/01/08 10:27:43 727] isr        1559 6400  2  
[2018/01/08 10:27:43 927] isr        1547 ASR_MSG_AUW,   cloud  
[2018/01/08 10:27:43 927] isr        1559 6400  2  
[2018/01/08 10:27:44 127] isr        1547 ASR_MSG_AUW,   cloud  
[2018/01/08 10:27:44 127] isr        1559 6400  2  
[2018/01/08 10:27:44 327] isr        1547 ASR_MSG_AUW,   cloud  
[2018/01/08 10:27:44 328] isr        1559 6400  2  
[2018/01/08 10:27:44 528] isr        1547 ASR_MSG_AUW,   cloud  
[2018/01/08 10:27:44 528] isr        1559 6400  2  
[2018/01/08 10:27:44 728] isr        1547 ASR_MSG_AUW,   cloud  
[2018/01/08 10:27:44 728] isr        1559 6400  2  
[2018/01/08 10:27:44 928] isr        1547 ASR_MSG_AUW,   cloud  
[2018/01/08 10:27:44 928] isr        1559 6400  2  
[2018/01/08 10:27:45 129] isr        1547 ASR_MSG_AUW,   cloud  
[2018/01/08 10:27:45 129] isr        1559 6400  2  
[2018/01/08 10:27:45 329] isr        1547 ASR_MSG_AUW,   cloud  
[2018/01/08 10:27:45 329] isr        1559 6400  2  
[2018/01/08 10:27:45 529] isr        1547 ASR_MSG_AUW,   cloud  
[2018/01/08 10:27:45 530] isr        1559 6400  2  
[2018/01/08 10:27:45 730] isr        1547 ASR_MSG_AUW,   cloud  
[2018/01/08 10:27:45 730] isr        1559 6400  2  
[2018/01/08 10:27:45 930] isr        1547 ASR_MSG_AUW,   cloud  
[2018/01/08 10:27:45 930] isr        1559 6400  2  
[2018/01/08 10:27:46 130] isr        1547 ASR_MSG_AUW,   cloud  
[2018/01/08 10:27:46 130] isr        1559 6400  2  
[2018/01/08 10:27:46 330] isr        1547 ASR_MSG_AUW,   cloud  
[2018/01/08 10:27:46 330] isr        1559 6400  2  
[2018/01/08 10:27:46 531] isr        1547 ASR_MSG_AUW,   cloud  
[2018/01/08 10:27:46 531] isr        1559 6400  2  
[2018/01/08 10:27:46 731] isr        1547 ASR_MSG_AUW,   cloud  
[2018/01/08 10:27:46 731] isr        1559 6400  2  
[2018/01/08 10:27:46 931] isr        1547 ASR_MSG_AUW,   cloud  
[2018/01/08 10:27:46 931] isr        1559 6400  2  
[2018/01/08 10:27:47 132] isr        1547 ASR_MSG_AUW,   cloud  
[2018/01/08 10:27:47 132] isr        1559 6400  2  
[2018/01/08 10:27:47 332] isr        1547 ASR_MSG_AUW,   cloud  
[2018/01/08 10:27:47 332] isr        1559 6400  2  
[2018/01/08 10:27:47 532] isr        1547 ASR_MSG_AUW,   cloud  
[2018/01/08 10:27:47 532] isr        1559 6400  2  
[2018/01/08 10:27:47 733] isr        1547 ASR_MSG_AUW,   cloud  
[2018/01/08 10:27:47 733] isr        1559 6400  2  
[2018/01/08 10:27:47 933] isr        1547 ASR_MSG_AUW,   cloud  
[2018/01/08 10:27:47 933] isr        1559 6400  2  
[2018/01/08 10:27:48 133] isr        1547 ASR_MSG_AUW,   cloud  
[2018/01/08 10:27:48 133] isr        1559 6400  2  
[2018/01/08 10:27:48 333] isr        1547 ASR_MSG_AUW,   cloud  
[2018/01/08 10:27:48 334] isr        1559 6400  2  
[2018/01/08 10:27:48 534] isr        1547 ASR_MSG_AUW,   cloud  
[2018/01/08 10:27:48 534] isr        1559 6400  2  
[2018/01/08 10:27:48 734] isr        1547 ASR_MSG_AUW,   cloud  
[2018/01/08 10:27:48 734] isr        1559 6400  2  
[2018/01/08 10:27:48 934] isr        1547 ASR_MSG_AUW,   cloud  
[2018/01/08 10:27:48 934] isr        1559 6400  2  
[2018/01/08 10:27:48 988] isr        700  cloud_status_cb, eps:  3  
[2018/01/08 10:27:48 989] isr        798  3  cloud  
[2018/01/08 10:27:48 990] isr        662  cloud_rslt_cb status =   5  
[2018/01/08 10:27:48 990] isr        641  process_result call:  cloud  nil  5  nil  
[2018/01/08 10:27:48 990] isr        798  3  msc  
[2018/01/08 10:27:48 990] isr        800  already speech end  
[2018/01/08 10:27:49 135] isr        1547 ASR_MSG_AUW,   cloud  
[2018/01/08 10:27:49 135] isr        1559 6400  2  
[2018/01/08 10:27:49 135] isr        1547 ASR_MSG_AUW,   cloud  
[2018/01/08 10:27:49 135] isr        1559 0  4  
[2018/01/08 10:27:49 135] isr        1592 aud end, USER  
[2018/01/08 10:27:49 135] isr        1636 ASR_MSG_GRSLT,   cloud  
[2018/01/08 10:27:49 135] isr        1335 0  nil  5  
[2018/01/08 10:27:49 138] isr        854  [aud] speech end  
[2018/01/08 10:27:49 138] isr        798  3  msc  
[2018/01/08 10:27:49 138] isr        800  already speech end  
[2018/01/08 10:27:49 286] isr        1639 ASR_MSG_SSE,   cloud  
[2018/01/08 10:27:49 286] isr        1356 session_end() [in]  
[2018/01/08 10:27:49 286] isr        1421 cloud_session_end() [in]  
[2018/01/08 10:27:49 287] isr        1488 ns_host=  open.xf-yun.com  
[2018/01/08 10:27:49 287] isr        1498 tick()mod=  3028795  
[2018/01/08 10:27:49 287] isr        1499 tick()=  3028795  
[2018/01/08 10:27:49 287] isr        1501 diff=  10827  
[2018/01/08 10:27:49 287] isr        1514 cloud_session_end() [out]  
[2018/01/08 10:27:49 287] isr        1667 isr unload!  
============================================================
Time  2018/01/08 10:28:00 458 
============================================================
[2018/01/08 10:28:00 458] isr        1659 isr loaded!  
[2018/01/08 10:28:00 459] isr        1642 SYS_MSG_REGCB param0 =   msp_status_cb  param1 =   func(8c02ccf0) 
[2018/01/08 10:28:00 459] isr        1537 ASR_MSG_SSB  
[2018/01/08 10:28:00 459] isr        1066 session_begin() [in], params:   sub = iat, domain = iat, language = zh_cn, accent = mandarin, sample_rate = 16000, result_type = plain, result_encoding = utf8  nil  
[2018/01/08 10:28:00 459] isr        927  vad_set [in]  
[2018/01/08 10:28:00 459] isr        962  vad_enable :  true  
[2018/01/08 10:28:00 459] isr        980  vad_bos :  10000  
[2018/01/08 10:28:00 459] isr        981  vad_eos :  2000  
[2018/01/08 10:28:00 459] isr        886  enable_vad [in]  
[2018/01/08 10:28:00 461] isr        918  vad enabled!  2000  10000  
[2018/01/08 10:28:00 461] isr        921  enable_vad [out]  
[2018/01/08 10:28:00 461] isr        987  vad_set [out] | ret =  0  
[2018/01/08 10:28:00 461] isr        1187 cur_engine_type =   cloud  
[2018/01/08 10:28:00 461] isr        1001 cloud_session_begin  
[2018/01/08 10:28:00 461] isr        1013 standard  
[2018/01/08 10:28:00 463] isr        1547 ASR_MSG_AUW,   cloud  
[2018/01/08 10:28:00 463] isr        1559 6400  1  
[2018/01/08 10:28:00 463] isr        1569 once_bytes:   6400  
[2018/01/08 10:28:00 470] isr        851  [aud] speech start  
[2018/01/08 10:28:00 470] isr        798  1  msc  
[2018/01/08 10:28:00 663] isr        1547 ASR_MSG_AUW,   cloud  
[2018/01/08 10:28:00 663] isr        1559 6400  2  
[2018/01/08 10:28:00 718] isr        700  cloud_status_cb, eps:  1  
[2018/01/08 10:28:00 718] isr        798  1  cloud  
[2018/01/08 10:28:00 719] isr        813  cloud eps ignored  
[2018/01/08 10:28:00 864] isr        1547 ASR_MSG_AUW,   cloud  
[2018/01/08 10:28:00 864] isr        1559 6400  2  
[2018/01/08 10:28:01 064] isr        1547 ASR_MSG_AUW,   cloud  
[2018/01/08 10:28:01 064] isr        1559 6400  2  
[2018/01/08 10:28:01 264] isr        1547 ASR_MSG_AUW,   cloud  
[2018/01/08 10:28:01 264] isr        1559 6400  2  
[2018/01/08 10:28:01 465] isr        1547 ASR_MSG_AUW,   cloud  
[2018/01/08 10:28:01 465] isr        1559 6400  2  
[2018/01/08 10:28:01 665] isr        1547 ASR_MSG_AUW,   cloud  
[2018/01/08 10:28:01 665] isr        1559 6400  2  
[2018/01/08 10:28:01 865] isr        1547 ASR_MSG_AUW,   cloud  
[2018/01/08 10:28:01 865] isr        1559 6400  2  
[2018/01/08 10:28:02 065] isr        1547 ASR_MSG_AUW,   cloud  
[2018/01/08 10:28:02 065] isr        1559 6400  2  
[2018/01/08 10:28:02 266] isr        1547 ASR_MSG_AUW,   cloud  
[2018/01/08 10:28:02 266] isr        1559 6400  2  
[2018/01/08 10:28:02 466] isr        1547 ASR_MSG_AUW,   cloud  
[2018/01/08 10:28:02 466] isr        1559 6400  2  
[2018/01/08 10:28:02 666] isr        1547 ASR_MSG_AUW,   cloud  
[2018/01/08 10:28:02 666] isr        1559 6400  2  
[2018/01/08 10:28:02 867] isr        1547 ASR_MSG_AUW,   cloud  
[2018/01/08 10:28:02 867] isr        1559 6400  2  
[2018/01/08 10:28:03 067] isr        1547 ASR_MSG_AUW,   cloud  
[2018/01/08 10:28:03 067] isr        1559 6400  2  
[2018/01/08 10:28:03 268] isr        1547 ASR_MSG_AUW,   cloud  
[2018/01/08 10:28:03 268] isr        1559 6400  2  
[2018/01/08 10:28:03 468] isr        1547 ASR_MSG_AUW,   cloud  
[2018/01/08 10:28:03 468] isr        1559 6400  2  
[2018/01/08 10:28:03 668] isr        1547 ASR_MSG_AUW,   cloud  
[2018/01/08 10:28:03 668] isr        1559 6400  2  
[2018/01/08 10:28:03 868] isr        1547 ASR_MSG_AUW,   cloud  
[2018/01/08 10:28:03 868] isr        1559 6400  2  
[2018/01/08 10:28:04 069] isr        1547 ASR_MSG_AUW,   cloud  
[2018/01/08 10:28:04 069] isr        1559 6400  2  
[2018/01/08 10:28:04 269] isr        1547 ASR_MSG_AUW,   cloud  
[2018/01/08 10:28:04 269] isr        1559 6400  2  
[2018/01/08 10:28:04 469] isr        1547 ASR_MSG_AUW,   cloud  
[2018/01/08 10:28:04 470] isr        1559 6400  2  
[2018/01/08 10:28:04 670] isr        1547 ASR_MSG_AUW,   cloud  
[2018/01/08 10:28:04 670] isr        1559 6400  2  
[2018/01/08 10:28:04 870] isr        1547 ASR_MSG_AUW,   cloud  
[2018/01/08 10:28:04 870] isr        1559 6400  2  
[2018/01/08 10:28:05 070] isr        1547 ASR_MSG_AUW,   cloud  
[2018/01/08 10:28:05 070] isr        1559 6400  2  
[2018/01/08 10:28:05 271] isr        1547 ASR_MSG_AUW,   cloud  
[2018/01/08 10:28:05 271] isr        1559 6400  2  
[2018/01/08 10:28:05 471] isr        1547 ASR_MSG_AUW,   cloud  
[2018/01/08 10:28:05 471] isr        1559 6400  2  
[2018/01/08 10:28:05 671] isr        1547 ASR_MSG_AUW,   cloud  
[2018/01/08 10:28:05 671] isr        1559 6400  2  
[2018/01/08 10:28:05 872] isr        1547 ASR_MSG_AUW,   cloud  
[2018/01/08 10:28:05 872] isr        1559 6400  2  
[2018/01/08 10:28:06 072] isr        1547 ASR_MSG_AUW,   cloud  
[2018/01/08 10:28:06 072] isr        1559 6400  2  
[2018/01/08 10:28:06 272] isr        1547 ASR_MSG_AUW,   cloud  
[2018/01/08 10:28:06 272] isr        1559 6400  2  
[2018/01/08 10:28:06 472] isr        1547 ASR_MSG_AUW,   cloud  
[2018/01/08 10:28:06 473] isr        1559 6400  2  
[2018/01/08 10:28:06 673] isr        1547 ASR_MSG_AUW,   cloud  
[2018/01/08 10:28:06 673] isr        1559 6400  2  
[2018/01/08 10:28:06 873] isr        1547 ASR_MSG_AUW,   cloud  
[2018/01/08 10:28:06 873] isr        1559 6400  2  
[2018/01/08 10:28:07 073] isr        1547 ASR_MSG_AUW,   cloud  
[2018/01/08 10:28:07 073] isr        1559 6400  2  
[2018/01/08 10:28:07 274] isr        1547 ASR_MSG_AUW,   cloud  
[2018/01/08 10:28:07 274] isr        1559 6400  2  
[2018/01/08 10:28:07 474] isr        1547 ASR_MSG_AUW,   cloud  
[2018/01/08 10:28:07 474] isr        1559 6400  2  
[2018/01/08 10:28:07 674] isr        1547 ASR_MSG_AUW,   cloud  
[2018/01/08 10:28:07 674] isr        1559 6400  2  
[2018/01/08 10:28:07 874] isr        1547 ASR_MSG_AUW,   cloud  
[2018/01/08 10:28:07 874] isr        1559 6400  2  
[2018/01/08 10:28:08 075] isr        1547 ASR_MSG_AUW,   cloud  
[2018/01/08 10:28:08 075] isr        1559 6400  2  
[2018/01/08 10:28:08 275] isr        1547 ASR_MSG_AUW,   cloud  
[2018/01/08 10:28:08 275] isr        1559 6400  2  
[2018/01/08 10:28:08 475] isr        1547 ASR_MSG_AUW,   cloud  
[2018/01/08 10:28:08 475] isr        1559 6400  2  
[2018/01/08 10:28:08 676] isr        1547 ASR_MSG_AUW,   cloud  
[2018/01/08 10:28:08 676] isr        1559 6400  2  
[2018/01/08 10:28:08 876] isr        1547 ASR_MSG_AUW,   cloud  
[2018/01/08 10:28:08 876] isr        1559 6400  2  
[2018/01/08 10:28:09 076] isr        1547 ASR_MSG_AUW,   cloud  
[2018/01/08 10:28:09 076] isr        1559 6400  2  
[2018/01/08 10:28:09 276] isr        1547 ASR_MSG_AUW,   cloud  
[2018/01/08 10:28:09 276] isr        1559 6400  2  
[2018/01/08 10:28:09 477] isr        1547 ASR_MSG_AUW,   cloud  
[2018/01/08 10:28:09 477] isr        1559 6400  2  
[2018/01/08 10:28:09 677] isr        1547 ASR_MSG_AUW,   cloud  
[2018/01/08 10:28:09 677] isr        1559 6400  2  
[2018/01/08 10:28:09 877] isr        1547 ASR_MSG_AUW,   cloud  
[2018/01/08 10:28:09 877] isr        1559 6400  2  
[2018/01/08 10:28:10 077] isr        1547 ASR_MSG_AUW,   cloud  
[2018/01/08 10:28:10 078] isr        1559 6400  2  
[2018/01/08 10:28:10 278] isr        1547 ASR_MSG_AUW,   cloud  
[2018/01/08 10:28:10 278] isr        1559 6400  2  
[2018/01/08 10:28:10 478] isr        1547 ASR_MSG_AUW,   cloud  
[2018/01/08 10:28:10 478] isr        1559 6400  2  
[2018/01/08 10:28:10 678] isr        1547 ASR_MSG_AUW,   cloud  
[2018/01/08 10:28:10 678] isr        1559 6400  2  
[2018/01/08 10:28:10 878] isr        1547 ASR_MSG_AUW,   cloud  
[2018/01/08 10:28:10 878] isr        1559 6400  2  
[2018/01/08 10:28:11 079] isr        1547 ASR_MSG_AUW,   cloud  
[2018/01/08 10:28:11 079] isr        1559 6400  2  
[2018/01/08 10:28:11 135] isr        700  cloud_status_cb, eps:  3  
[2018/01/08 10:28:11 135] isr        798  3  cloud  
[2018/01/08 10:28:11 137] isr        662  cloud_rslt_cb status =   5  
[2018/01/08 10:28:11 137] isr        641  process_result call:  cloud  nil  5  nil  
[2018/01/08 10:28:11 137] isr        798  3  msc  
[2018/01/08 10:28:11 137] isr        800  already speech end  
[2018/01/08 10:28:11 279] isr        1547 ASR_MSG_AUW,   cloud  
[2018/01/08 10:28:11 279] isr        1559 6400  2  
[2018/01/08 10:28:11 279] isr        1547 ASR_MSG_AUW,   cloud  
[2018/01/08 10:28:11 279] isr        1559 0  4  
[2018/01/08 10:28:11 279] isr        1592 aud end, USER  
[2018/01/08 10:28:11 280] isr        1636 ASR_MSG_GRSLT,   cloud  
[2018/01/08 10:28:11 280] isr        1335 0  nil  5  
[2018/01/08 10:28:11 284] isr        854  [aud] speech end  
[2018/01/08 10:28:11 284] isr        798  3  msc  
[2018/01/08 10:28:11 284] isr        800  already speech end  
[2018/01/08 10:28:11 431] isr        1639 ASR_MSG_SSE,   cloud  
[2018/01/08 10:28:11 431] isr        1356 session_end() [in]  
[2018/01/08 10:28:11 431] isr        1421 cloud_session_end() [in]  
[2018/01/08 10:28:11 432] isr        1488 ns_host=  open.xf-yun.com  
[2018/01/08 10:28:11 432] isr        1498 tick()mod=  3050940  
[2018/01/08 10:28:11 432] isr        1499 tick()=  3050941  
[2018/01/08 10:28:11 433] isr        1501 diff=  10877  
[2018/01/08 10:28:11 433] isr        1514 cloud_session_end() [out]  
[2018/01/08 10:28:11 433] isr        1667 isr unload!  
============================================================
Time  2018/01/08 10:29:50 919 
============================================================
[2018/01/08 10:29:50 919] isr        1659 isr loaded!  
[2018/01/08 10:29:50 919] isr        1642 SYS_MSG_REGCB param0 =   msp_status_cb  param1 =   func(2002cca0) 
[2018/01/08 10:29:50 919] isr        1537 ASR_MSG_SSB  
[2018/01/08 10:29:50 919] isr        1066 session_begin() [in], params:   sub = iat, domain = iat, language = zh_cn, accent = mandarin, sample_rate = 16000, result_type = plain, result_encoding = utf8  nil  
[2018/01/08 10:29:50 919] isr        927  vad_set [in]  
[2018/01/08 10:29:50 919] isr        962  vad_enable :  true  
[2018/01/08 10:29:50 919] isr        980  vad_bos :  10000  
[2018/01/08 10:29:50 919] isr        981  vad_eos :  2000  
[2018/01/08 10:29:50 919] isr        886  enable_vad [in]  
[2018/01/08 10:29:50 920] isr        918  vad enabled!  2000  10000  
[2018/01/08 10:29:50 920] isr        921  enable_vad [out]  
[2018/01/08 10:29:50 920] isr        987  vad_set [out] | ret =  0  
[2018/01/08 10:29:50 920] isr        1187 cur_engine_type =   cloud  
[2018/01/08 10:29:50 920] isr        1001 cloud_session_begin  
[2018/01/08 10:29:50 920] isr        1013 standard  
[2018/01/08 10:29:50 921] isr        1547 ASR_MSG_AUW,   cloud  
[2018/01/08 10:29:50 921] isr        1559 6400  1  
[2018/01/08 10:29:50 922] isr        1569 once_bytes:   6400  
[2018/01/08 10:29:50 923] isr        851  [aud] speech start  
[2018/01/08 10:29:50 923] isr        798  1  msc  
[2018/01/08 10:29:51 122] isr        1547 ASR_MSG_AUW,   cloud  
[2018/01/08 10:29:51 122] isr        1559 6400  2  
[2018/01/08 10:29:51 167] isr        700  cloud_status_cb, eps:  1  
[2018/01/08 10:29:51 167] isr        798  1  cloud  
[2018/01/08 10:29:51 167] isr        813  cloud eps ignored  
[2018/01/08 10:29:51 322] isr        1547 ASR_MSG_AUW,   cloud  
[2018/01/08 10:29:51 322] isr        1559 6400  2  
[2018/01/08 10:29:51 522] isr        1547 ASR_MSG_AUW,   cloud  
[2018/01/08 10:29:51 523] isr        1559 6400  2  
[2018/01/08 10:29:51 723] isr        1547 ASR_MSG_AUW,   cloud  
[2018/01/08 10:29:51 723] isr        1559 6400  2  
[2018/01/08 10:29:51 923] isr        1547 ASR_MSG_AUW,   cloud  
[2018/01/08 10:29:51 923] isr        1559 6400  2  
[2018/01/08 10:29:52 124] isr        1547 ASR_MSG_AUW,   cloud  
[2018/01/08 10:29:52 124] isr        1559 6400  2  
[2018/01/08 10:29:52 324] isr        1547 ASR_MSG_AUW,   cloud  
[2018/01/08 10:29:52 324] isr        1559 6400  2  
[2018/01/08 10:29:52 525] isr        1547 ASR_MSG_AUW,   cloud  
[2018/01/08 10:29:52 525] isr        1559 6400  2  
[2018/01/08 10:29:52 725] isr        1547 ASR_MSG_AUW,   cloud  
[2018/01/08 10:29:52 725] isr        1559 6400  2  
[2018/01/08 10:29:52 925] isr        1547 ASR_MSG_AUW,   cloud  
[2018/01/08 10:29:52 925] isr        1559 6400  2  
[2018/01/08 10:29:53 126] isr        1547 ASR_MSG_AUW,   cloud  
[2018/01/08 10:29:53 126] isr        1559 6954  2  
[2018/01/08 10:29:53 326] isr        1547 ASR_MSG_AUW,   cloud  
[2018/01/08 10:29:53 326] isr        1559 0  4  
[2018/01/08 10:29:53 326] isr        1592 aud end, USER  
[2018/01/08 10:29:53 327] isr        854  [aud] speech end  
[2018/01/08 10:29:53 327] isr        798  3  msc  
[2018/01/08 10:29:53 327] isr        1636 ASR_MSG_GRSLT,   cloud  
[2018/01/08 10:29:53 327] isr        1335 0  nil  2  
[2018/01/08 10:29:53 478] isr        1636 ASR_MSG_GRSLT,   cloud  
[2018/01/08 10:29:53 478] isr        1335 0  nil  2  
[2018/01/08 10:29:53 628] isr        1636 ASR_MSG_GRSLT,   cloud  
[2018/01/08 10:29:53 628] isr        1335 0  nil  2  
[2018/01/08 10:29:53 723] isr        700  cloud_status_cb, eps:  3  
[2018/01/08 10:29:53 724] isr        798  3  cloud  
[2018/01/08 10:29:53 724] isr        800  already speech end  
[2018/01/08 10:29:53 724] isr        662  cloud_rslt_cb status =   0  
[2018/01/08 10:29:53 724] isr        641  process_result call:  cloud  udata(20036e38) 0  nil  
[2018/01/08 10:29:53 726] isr        662  cloud_rslt_cb status =   5  
[2018/01/08 10:29:53 726] isr        641  process_result call:  cloud  udata(20036c58) 5  nil  
[2018/01/08 10:29:53 726] isr        798  3  msc  
[2018/01/08 10:29:53 726] isr        800  already speech end  
[2018/01/08 10:29:53 779] isr        1636 ASR_MSG_GRSLT,   cloud  
[2018/01/08 10:29:53 779] isr        1335 0  udata(20036e38) 0  
[2018/01/08 10:29:53 929] isr        1636 ASR_MSG_GRSLT,   cloud  
[2018/01/08 10:29:53 929] isr        1335 0  udata(20036c58) 5  
[2018/01/08 10:29:54 080] isr        1639 ASR_MSG_SSE,   cloud  
[2018/01/08 10:29:54 080] isr        1356 session_end() [in]  
[2018/01/08 10:29:54 080] isr        1421 cloud_session_end() [in]  
[2018/01/08 10:29:54 081] isr        1488 ns_host=  open.xf-yun.com  
[2018/01/08 10:29:54 081] isr        1498 tick()mod=  3153589  
[2018/01/08 10:29:54 081] isr        1499 tick()=  3153589  
[2018/01/08 10:29:54 081] isr        1501 diff=  3015  
[2018/01/08 10:29:54 081] isr        1514 cloud_session_end() [out]  
[2018/01/08 10:29:54 081] isr        1667 isr unload!  
============================================================
Time  2018/01/08 10:30:57 980 
============================================================
[2018/01/08 10:30:57 981] isr        1659 isr loaded!  
[2018/01/08 10:30:57 981] isr        1642 SYS_MSG_REGCB param0 =   msp_status_cb  param1 =   func(ec02ccf0) 
[2018/01/08 10:30:57 981] isr        1537 ASR_MSG_SSB  
[2018/01/08 10:30:57 981] isr        1066 session_begin() [in], params:   sub = iat, domain = iat, language = zh_cn, accent = mandarin, sample_rate = 16000, result_type = plain, result_encoding = utf8  nil  
[2018/01/08 10:30:57 981] isr        927  vad_set [in]  
[2018/01/08 10:30:57 981] isr        962  vad_enable :  true  
[2018/01/08 10:30:57 981] isr        980  vad_bos :  10000  
[2018/01/08 10:30:57 981] isr        981  vad_eos :  2000  
[2018/01/08 10:30:57 981] isr        886  enable_vad [in]  
[2018/01/08 10:30:57 982] isr        918  vad enabled!  2000  10000  
[2018/01/08 10:30:57 982] isr        921  enable_vad [out]  
[2018/01/08 10:30:57 982] isr        987  vad_set [out] | ret =  0  
[2018/01/08 10:30:57 982] isr        1187 cur_engine_type =   cloud  
[2018/01/08 10:30:57 982] isr        1001 cloud_session_begin  
[2018/01/08 10:30:57 982] isr        1013 standard  
[2018/01/08 10:30:57 984] isr        1547 ASR_MSG_AUW,   cloud  
[2018/01/08 10:30:57 984] isr        1559 6400  1  
[2018/01/08 10:30:57 985] isr        1569 once_bytes:   6400  
[2018/01/08 10:30:57 988] isr        851  [aud] speech start  
[2018/01/08 10:30:57 988] isr        798  1  msc  
[2018/01/08 10:30:58 185] isr        1547 ASR_MSG_AUW,   cloud  
[2018/01/08 10:30:58 185] isr        1559 6400  2  
[2018/01/08 10:30:58 224] isr        700  cloud_status_cb, eps:  1  
[2018/01/08 10:30:58 224] isr        798  1  cloud  
[2018/01/08 10:30:58 224] isr        813  cloud eps ignored  
[2018/01/08 10:30:58 385] isr        1547 ASR_MSG_AUW,   cloud  
[2018/01/08 10:30:58 385] isr        1559 6400  2  
[2018/01/08 10:30:58 585] isr        1547 ASR_MSG_AUW,   cloud  
[2018/01/08 10:30:58 585] isr        1559 6400  2  
[2018/01/08 10:30:58 786] isr        1547 ASR_MSG_AUW,   cloud  
[2018/01/08 10:30:58 786] isr        1559 6400  2  
[2018/01/08 10:30:58 986] isr        1547 ASR_MSG_AUW,   cloud  
[2018/01/08 10:30:58 986] isr        1559 6400  2  
[2018/01/08 10:30:59 186] isr        1547 ASR_MSG_AUW,   cloud  
[2018/01/08 10:30:59 186] isr        1559 6400  2  
[2018/01/08 10:30:59 387] isr        1547 ASR_MSG_AUW,   cloud  
[2018/01/08 10:30:59 387] isr        1559 6400  2  
[2018/01/08 10:30:59 587] isr        1547 ASR_MSG_AUW,   cloud  
[2018/01/08 10:30:59 587] isr        1559 6400  2  
[2018/01/08 10:30:59 787] isr        1547 ASR_MSG_AUW,   cloud  
[2018/01/08 10:30:59 787] isr        1559 6400  2  
[2018/01/08 10:30:59 988] isr        1547 ASR_MSG_AUW,   cloud  
[2018/01/08 10:30:59 988] isr        1559 6400  2  
[2018/01/08 10:31:00 188] isr        1547 ASR_MSG_AUW,   cloud  
[2018/01/08 10:31:00 188] isr        1559 6400  2  
[2018/01/08 10:31:00 388] isr        1547 ASR_MSG_AUW,   cloud  
[2018/01/08 10:31:00 389] isr        1559 6400  2  
[2018/01/08 10:31:00 589] isr        1547 ASR_MSG_AUW,   cloud  
[2018/01/08 10:31:00 589] isr        1559 6400  2  
[2018/01/08 10:31:00 789] isr        1547 ASR_MSG_AUW,   cloud  
[2018/01/08 10:31:00 789] isr        1559 6400  2  
[2018/01/08 10:31:00 990] isr        1547 ASR_MSG_AUW,   cloud  
[2018/01/08 10:31:00 990] isr        1559 6400  2  
[2018/01/08 10:31:01 190] isr        1547 ASR_MSG_AUW,   cloud  
[2018/01/08 10:31:01 190] isr        1559 6400  2  
[2018/01/08 10:31:01 390] isr        1547 ASR_MSG_AUW,   cloud  
[2018/01/08 10:31:01 390] isr        1559 6400  2  
[2018/01/08 10:31:01 590] isr        1547 ASR_MSG_AUW,   cloud  
[2018/01/08 10:31:01 590] isr        1559 6400  2  
[2018/01/08 10:31:01 791] isr        1547 ASR_MSG_AUW,   cloud  
[2018/01/08 10:31:01 791] isr        1559 6400  2  
[2018/01/08 10:31:01 991] isr        1547 ASR_MSG_AUW,   cloud  
[2018/01/08 10:31:01 991] isr        1559 6400  2  
[2018/01/08 10:31:02 192] isr        1547 ASR_MSG_AUW,   cloud  
[2018/01/08 10:31:02 192] isr        1559 6400  2  
[2018/01/08 10:31:02 392] isr        1547 ASR_MSG_AUW,   cloud  
[2018/01/08 10:31:02 392] isr        1559 6400  2  
[2018/01/08 10:31:02 592] isr        1547 ASR_MSG_AUW,   cloud  
[2018/01/08 10:31:02 592] isr        1559 6400  2  
[2018/01/08 10:31:02 793] isr        1547 ASR_MSG_AUW,   cloud  
[2018/01/08 10:31:02 793] isr        1559 6400  2  
[2018/01/08 10:31:02 993] isr        1547 ASR_MSG_AUW,   cloud  
[2018/01/08 10:31:02 993] isr        1559 6400  2  
[2018/01/08 10:31:03 194] isr        1547 ASR_MSG_AUW,   cloud  
[2018/01/08 10:31:03 194] isr        1559 6400  2  
[2018/01/08 10:31:03 394] isr        1547 ASR_MSG_AUW,   cloud  
[2018/01/08 10:31:03 394] isr        1559 6400  2  
[2018/01/08 10:31:03 594] isr        1547 ASR_MSG_AUW,   cloud  
[2018/01/08 10:31:03 594] isr        1559 6400  2  
[2018/01/08 10:31:03 795] isr        1547 ASR_MSG_AUW,   cloud  
[2018/01/08 10:31:03 795] isr        1559 6400  2  
[2018/01/08 10:31:03 995] isr        1547 ASR_MSG_AUW,   cloud  
[2018/01/08 10:31:03 995] isr        1559 6400  2  
[2018/01/08 10:31:04 195] isr        1547 ASR_MSG_AUW,   cloud  
[2018/01/08 10:31:04 195] isr        1559 6400  2  
[2018/01/08 10:31:04 396] isr        1547 ASR_MSG_AUW,   cloud  
[2018/01/08 10:31:04 396] isr        1559 6400  2  
[2018/01/08 10:31:04 596] isr        1547 ASR_MSG_AUW,   cloud  
[2018/01/08 10:31:04 596] isr        1559 6400  2  
[2018/01/08 10:31:04 796] isr        1547 ASR_MSG_AUW,   cloud  
[2018/01/08 10:31:04 796] isr        1559 6400  2  
[2018/01/08 10:31:04 997] isr        1547 ASR_MSG_AUW,   cloud  
[2018/01/08 10:31:04 997] isr        1559 6400  2  
[2018/01/08 10:31:05 197] isr        1547 ASR_MSG_AUW,   cloud  
[2018/01/08 10:31:05 197] isr        1559 6400  2  
[2018/01/08 10:31:05 397] isr        1547 ASR_MSG_AUW,   cloud  
[2018/01/08 10:31:05 397] isr        1559 6400  2  
[2018/01/08 10:31:05 597] isr        1547 ASR_MSG_AUW,   cloud  
[2018/01/08 10:31:05 598] isr        1559 6400  2  
[2018/01/08 10:31:05 798] isr        1547 ASR_MSG_AUW,   cloud  
[2018/01/08 10:31:05 798] isr        1559 6400  2  
[2018/01/08 10:31:05 998] isr        1547 ASR_MSG_AUW,   cloud  
[2018/01/08 10:31:05 998] isr        1559 6400  2  
[2018/01/08 10:31:06 199] isr        1547 ASR_MSG_AUW,   cloud  
[2018/01/08 10:31:06 199] isr        1559 6400  2  
[2018/01/08 10:31:06 399] isr        1547 ASR_MSG_AUW,   cloud  
[2018/01/08 10:31:06 399] isr        1559 6400  2  
[2018/01/08 10:31:06 599] isr        1547 ASR_MSG_AUW,   cloud  
[2018/01/08 10:31:06 600] isr        1559 6400  2  
[2018/01/08 10:31:06 800] isr        1547 ASR_MSG_AUW,   cloud  
[2018/01/08 10:31:06 800] isr        1559 6400  2  
[2018/01/08 10:31:07 000] isr        1547 ASR_MSG_AUW,   cloud  
[2018/01/08 10:31:07 000] isr        1559 6400  2  
[2018/01/08 10:31:07 201] isr        1547 ASR_MSG_AUW,   cloud  
[2018/01/08 10:31:07 201] isr        1559 6400  2  
[2018/01/08 10:31:07 401] isr        1547 ASR_MSG_AUW,   cloud  
[2018/01/08 10:31:07 401] isr        1559 6400  2  
[2018/01/08 10:31:07 601] isr        1547 ASR_MSG_AUW,   cloud  
[2018/01/08 10:31:07 601] isr        1559 6400  2  
[2018/01/08 10:31:07 802] isr        1547 ASR_MSG_AUW,   cloud  
[2018/01/08 10:31:07 802] isr        1559 6400  2  
[2018/01/08 10:31:08 002] isr        1547 ASR_MSG_AUW,   cloud  
[2018/01/08 10:31:08 002] isr        1559 6400  2  
[2018/01/08 10:31:08 003] isr        854  [aud] speech end  
[2018/01/08 10:31:08 003] isr        798  3  msc  
[2018/01/08 10:31:08 003] isr        864  aud end, MSC VAD  
[2018/01/08 10:31:08 040] isr        700  cloud_status_cb, eps:  3  
[2018/01/08 10:31:08 040] isr        798  3  cloud  
[2018/01/08 10:31:08 040] isr        800  already speech end  
[2018/01/08 10:31:08 042] isr        662  cloud_rslt_cb status =   5  
[2018/01/08 10:31:08 042] isr        641  process_result call:  cloud  nil  5  nil  
[2018/01/08 10:31:08 042] isr        798  3  msc  
[2018/01/08 10:31:08 042] isr        800  already speech end  
[2018/01/08 10:31:08 202] isr        1547 ASR_MSG_AUW,   cloud  
[2018/01/08 10:31:08 203] isr        1559 6400  2  
[2018/01/08 10:31:08 203] isr        1547 ASR_MSG_AUW,   cloud  
[2018/01/08 10:31:08 203] isr        1559 0  4  
[2018/01/08 10:31:08 203] isr        1636 ASR_MSG_GRSLT,   cloud  
[2018/01/08 10:31:08 203] isr        1335 0  nil  5  
[2018/01/08 10:31:08 354] isr        1639 ASR_MSG_SSE,   cloud  
[2018/01/08 10:31:08 354] isr        1356 session_end() [in]  
[2018/01/08 10:31:08 354] isr        1421 cloud_session_end() [in]  
[2018/01/08 10:31:08 355] isr        1488 ns_host=  open.xf-yun.com  
[2018/01/08 10:31:08 355] isr        1498 tick()mod=  3227863  
[2018/01/08 10:31:08 355] isr        1499 tick()=  3227863  
[2018/01/08 10:31:08 355] isr        1501 diff=  10222  
[2018/01/08 10:31:08 355] isr        1514 cloud_session_end() [out]  
[2018/01/08 10:31:08 356] isr        1667 isr unload!  
============================================================
Time  2018/01/08 10:31:22 797 
============================================================
[2018/01/08 10:31:22 797] isr        1659 isr loaded!  
[2018/01/08 10:31:22 798] isr        1642 SYS_MSG_REGCB param0 =   msp_status_cb  param1 =   func(3802ccd0) 
[2018/01/08 10:31:22 798] isr        1537 ASR_MSG_SSB  
[2018/01/08 10:31:22 798] isr        1066 session_begin() [in], params:   sub = iat, domain = iat, language = zh_cn, accent = mandarin, sample_rate = 16000, result_type = plain, result_encoding = utf8  nil  
[2018/01/08 10:31:22 798] isr        927  vad_set [in]  
[2018/01/08 10:31:22 798] isr        962  vad_enable :  true  
[2018/01/08 10:31:22 798] isr        980  vad_bos :  10000  
[2018/01/08 10:31:22 798] isr        981  vad_eos :  2000  
[2018/01/08 10:31:22 798] isr        886  enable_vad [in]  
[2018/01/08 10:31:22 798] isr        918  vad enabled!  2000  10000  
[2018/01/08 10:31:22 798] isr        921  enable_vad [out]  
[2018/01/08 10:31:22 798] isr        987  vad_set [out] | ret =  0  
[2018/01/08 10:31:22 798] isr        1187 cur_engine_type =   cloud  
[2018/01/08 10:31:22 798] isr        1001 cloud_session_begin  
[2018/01/08 10:31:22 798] isr        1013 standard  
[2018/01/08 10:31:22 800] isr        1547 ASR_MSG_AUW,   cloud  
[2018/01/08 10:31:22 800] isr        1559 6400  1  
[2018/01/08 10:31:22 800] isr        1569 once_bytes:   6400  
[2018/01/08 10:31:22 803] isr        851  [aud] speech start  
[2018/01/08 10:31:22 803] isr        798  1  msc  
[2018/01/08 10:31:23 000] isr        1547 ASR_MSG_AUW,   cloud  
[2018/01/08 10:31:23 000] isr        1559 6400  2  
[2018/01/08 10:31:23 067] isr        700  cloud_status_cb, eps:  1  
[2018/01/08 10:31:23 067] isr        798  1  cloud  
[2018/01/08 10:31:23 067] isr        813  cloud eps ignored  
[2018/01/08 10:31:23 200] isr        1547 ASR_MSG_AUW,   cloud  
[2018/01/08 10:31:23 201] isr        1559 6400  2  
[2018/01/08 10:31:23 401] isr        1547 ASR_MSG_AUW,   cloud  
[2018/01/08 10:31:23 401] isr        1559 6400  2  
[2018/01/08 10:31:23 602] isr        1547 ASR_MSG_AUW,   cloud  
[2018/01/08 10:31:23 602] isr        1559 6400  2  
[2018/01/08 10:31:23 802] isr        1547 ASR_MSG_AUW,   cloud  
[2018/01/08 10:31:23 802] isr        1559 6400  2  
[2018/01/08 10:31:24 002] isr        1547 ASR_MSG_AUW,   cloud  
[2018/01/08 10:31:24 002] isr        1559 6400  2  
[2018/01/08 10:31:24 202] isr        1547 ASR_MSG_AUW,   cloud  
[2018/01/08 10:31:24 203] isr        1559 6400  2  
[2018/01/08 10:31:24 403] isr        1547 ASR_MSG_AUW,   cloud  
[2018/01/08 10:31:24 403] isr        1559 6400  2  
[2018/01/08 10:31:24 603] isr        1547 ASR_MSG_AUW,   cloud  
[2018/01/08 10:31:24 603] isr        1559 7866  2  
[2018/01/08 10:31:24 804] isr        1547 ASR_MSG_AUW,   cloud  
[2018/01/08 10:31:24 804] isr        1559 0  4  
[2018/01/08 10:31:24 804] isr        1592 aud end, USER  
[2018/01/08 10:31:24 805] isr        854  [aud] speech end  
[2018/01/08 10:31:24 805] isr        798  3  msc  
[2018/01/08 10:31:24 805] isr        1636 ASR_MSG_GRSLT,   cloud  
[2018/01/08 10:31:24 805] isr        1335 0  nil  2  
[2018/01/08 10:31:24 864] isr        700  cloud_status_cb, eps:  3  
[2018/01/08 10:31:24 864] isr        798  3  cloud  
[2018/01/08 10:31:24 864] isr        800  already speech end  
[2018/01/08 10:31:24 866] isr        662  cloud_rslt_cb status =   5  
[2018/01/08 10:31:24 866] isr        641  process_result call:  cloud  nil  5  nil  
[2018/01/08 10:31:24 866] isr        798  3  msc  
[2018/01/08 10:31:24 866] isr        800  already speech end  
[2018/01/08 10:31:24 955] isr        1636 ASR_MSG_GRSLT,   cloud  
[2018/01/08 10:31:24 956] isr        1335 0  nil  5  
[2018/01/08 10:31:25 106] isr        1639 ASR_MSG_SSE,   cloud  
[2018/01/08 10:31:25 106] isr        1356 session_end() [in]  
[2018/01/08 10:31:25 106] isr        1421 cloud_session_end() [in]  
[2018/01/08 10:31:25 107] isr        1488 ns_host=  open.xf-yun.com  
[2018/01/08 10:31:25 107] isr        1498 tick()mod=  3244615  
[2018/01/08 10:31:25 108] isr        1499 tick()=  3244616  
[2018/01/08 10:31:25 108] isr        1501 diff=  2186  
[2018/01/08 10:31:25 108] isr        1514 cloud_session_end() [out]  
[2018/01/08 10:31:25 108] isr        1667 isr unload!  
============================================================
Time  2018/01/08 10:32:20 632 
============================================================
[2018/01/08 10:32:20 632] isr        1659 isr loaded!  
[2018/01/08 10:32:20 632] isr        1642 SYS_MSG_REGCB param0 =   msp_status_cb  param1 =   func(3002ccf0) 
[2018/01/08 10:32:20 632] isr        1537 ASR_MSG_SSB  
[2018/01/08 10:32:20 632] isr        1066 session_begin() [in], params:   sub = iat, domain = iat, language = zh_cn, accent = mandarin, sample_rate = 16000, result_type = plain, result_encoding = utf8  nil  
[2018/01/08 10:32:20 632] isr        927  vad_set [in]  
[2018/01/08 10:32:20 632] isr        962  vad_enable :  true  
[2018/01/08 10:32:20 632] isr        980  vad_bos :  10000  
[2018/01/08 10:32:20 632] isr        981  vad_eos :  2000  
[2018/01/08 10:32:20 632] isr        886  enable_vad [in]  
[2018/01/08 10:32:20 633] isr        918  vad enabled!  2000  10000  
[2018/01/08 10:32:20 633] isr        921  enable_vad [out]  
[2018/01/08 10:32:20 633] isr        987  vad_set [out] | ret =  0  
[2018/01/08 10:32:20 633] isr        1187 cur_engine_type =   cloud  
[2018/01/08 10:32:20 633] isr        1001 cloud_session_begin  
[2018/01/08 10:32:20 633] isr        1013 standard  
[2018/01/08 10:32:20 635] isr        1547 ASR_MSG_AUW,   cloud  
[2018/01/08 10:32:20 635] isr        1559 6400  1  
[2018/01/08 10:32:20 635] isr        1569 once_bytes:   6400  
[2018/01/08 10:32:20 637] isr        851  [aud] speech start  
[2018/01/08 10:32:20 637] isr        798  1  msc  
[2018/01/08 10:32:20 836] isr        1547 ASR_MSG_AUW,   cloud  
[2018/01/08 10:32:20 836] isr        1559 6400  2  
[2018/01/08 10:32:20 881] isr        700  cloud_status_cb, eps:  1  
[2018/01/08 10:32:20 881] isr        798  1  cloud  
[2018/01/08 10:32:20 881] isr        813  cloud eps ignored  
[2018/01/08 10:32:21 036] isr        1547 ASR_MSG_AUW,   cloud  
[2018/01/08 10:32:21 036] isr        1559 6400  2  
[2018/01/08 10:32:21 236] isr        1547 ASR_MSG_AUW,   cloud  
[2018/01/08 10:32:21 236] isr        1559 6400  2  
[2018/01/08 10:32:21 436] isr        1547 ASR_MSG_AUW,   cloud  
[2018/01/08 10:32:21 437] isr        1559 6400  2  
[2018/01/08 10:32:21 637] isr        1547 ASR_MSG_AUW,   cloud  
[2018/01/08 10:32:21 637] isr        1559 6400  2  
[2018/01/08 10:32:21 837] isr        1547 ASR_MSG_AUW,   cloud  
[2018/01/08 10:32:21 837] isr        1559 6400  2  
[2018/01/08 10:32:22 038] isr        1547 ASR_MSG_AUW,   cloud  
[2018/01/08 10:32:22 038] isr        1559 6400  2  
[2018/01/08 10:32:22 238] isr        1547 ASR_MSG_AUW,   cloud  
[2018/01/08 10:32:22 238] isr        1559 6400  2  
[2018/01/08 10:32:22 438] isr        1547 ASR_MSG_AUW,   cloud  
[2018/01/08 10:32:22 438] isr        1559 7866  2  
[2018/01/08 10:32:22 639] isr        1547 ASR_MSG_AUW,   cloud  
[2018/01/08 10:32:22 639] isr        1559 0  4  
[2018/01/08 10:32:22 639] isr        1592 aud end, USER  
[2018/01/08 10:32:22 640] isr        854  [aud] speech end  
[2018/01/08 10:32:22 640] isr        798  3  msc  
[2018/01/08 10:32:22 640] isr        1636 ASR_MSG_GRSLT,   cloud  
[2018/01/08 10:32:22 640] isr        1335 0  nil  2  
[2018/01/08 10:32:22 690] isr        700  cloud_status_cb, eps:  3  
[2018/01/08 10:32:22 690] isr        798  3  cloud  
[2018/01/08 10:32:22 690] isr        800  already speech end  
[2018/01/08 10:32:22 692] isr        662  cloud_rslt_cb status =   5  
[2018/01/08 10:32:22 692] isr        641  process_result call:  cloud  nil  5  nil  
[2018/01/08 10:32:22 692] isr        798  3  msc  
[2018/01/08 10:32:22 692] isr        800  already speech end  
[2018/01/08 10:32:22 791] isr        1636 ASR_MSG_GRSLT,   cloud  
[2018/01/08 10:32:22 791] isr        1335 0  nil  5  
[2018/01/08 10:32:22 941] isr        1639 ASR_MSG_SSE,   cloud  
[2018/01/08 10:32:22 942] isr        1356 session_end() [in]  
[2018/01/08 10:32:22 942] isr        1421 cloud_session_end() [in]  
[2018/01/08 10:32:22 943] isr        1488 ns_host=  open.xf-yun.com  
[2018/01/08 10:32:22 943] isr        1498 tick()mod=  3302451  
[2018/01/08 10:32:22 943] isr        1499 tick()=  3302451  
[2018/01/08 10:32:22 943] isr        1501 diff=  2193  
[2018/01/08 10:32:22 943] isr        1514 cloud_session_end() [out]  
[2018/01/08 10:32:22 943] isr        1667 isr unload!  
============================================================
Time  2018/01/08 10:35:01 765 
============================================================
[2018/01/08 10:35:01 765] isr        1659 isr loaded!  
[2018/01/08 10:35:01 765] isr        1642 SYS_MSG_REGCB param0 =   msp_status_cb  param1 =   func(f802ccc0) 
[2018/01/08 10:35:01 765] isr        1537 ASR_MSG_SSB  
[2018/01/08 10:35:01 765] isr        1066 session_begin() [in], params:   sub = iat, domain = iat, language = zh_cn, accent = mandarin, sample_rate = 16000, result_type = plain, result_encoding = utf8  nil  
[2018/01/08 10:35:01 765] isr        927  vad_set [in]  
[2018/01/08 10:35:01 765] isr        962  vad_enable :  true  
[2018/01/08 10:35:01 765] isr        980  vad_bos :  10000  
[2018/01/08 10:35:01 765] isr        981  vad_eos :  2000  
[2018/01/08 10:35:01 765] isr        886  enable_vad [in]  
[2018/01/08 10:35:01 765] isr        918  vad enabled!  2000  10000  
[2018/01/08 10:35:01 765] isr        921  enable_vad [out]  
[2018/01/08 10:35:01 765] isr        987  vad_set [out] | ret =  0  
[2018/01/08 10:35:01 766] isr        1187 cur_engine_type =   cloud  
[2018/01/08 10:35:01 766] isr        1001 cloud_session_begin  
[2018/01/08 10:35:01 766] isr        1013 standard  
[2018/01/08 10:35:01 770] isr        1547 ASR_MSG_AUW,   cloud  
[2018/01/08 10:35:01 770] isr        1559 6400  1  
[2018/01/08 10:35:01 770] isr        1569 once_bytes:   6400  
[2018/01/08 10:35:01 773] isr        851  [aud] speech start  
[2018/01/08 10:35:01 773] isr        798  1  msc  
[2018/01/08 10:35:01 970] isr        1547 ASR_MSG_AUW,   cloud  
[2018/01/08 10:35:01 970] isr        1559 6400  2  
[2018/01/08 10:35:02 015] isr        700  cloud_status_cb, eps:  1  
[2018/01/08 10:35:02 015] isr        798  1  cloud  
[2018/01/08 10:35:02 015] isr        813  cloud eps ignored  
[2018/01/08 10:35:02 170] isr        1547 ASR_MSG_AUW,   cloud  
[2018/01/08 10:35:02 170] isr        1559 6400  2  
[2018/01/08 10:35:02 370] isr        1547 ASR_MSG_AUW,   cloud  
[2018/01/08 10:35:02 371] isr        1559 6400  2  
[2018/01/08 10:35:02 571] isr        1547 ASR_MSG_AUW,   cloud  
[2018/01/08 10:35:02 571] isr        1559 6400  2  
[2018/01/08 10:35:02 771] isr        1547 ASR_MSG_AUW,   cloud  
[2018/01/08 10:35:02 771] isr        1559 6400  2  
[2018/01/08 10:35:02 971] isr        1547 ASR_MSG_AUW,   cloud  
[2018/01/08 10:35:02 971] isr        1559 6400  2  
[2018/01/08 10:35:03 172] isr        1547 ASR_MSG_AUW,   cloud  
[2018/01/08 10:35:03 172] isr        1559 6400  2  
[2018/01/08 10:35:03 372] isr        1547 ASR_MSG_AUW,   cloud  
[2018/01/08 10:35:03 372] isr        1559 6400  2  
[2018/01/08 10:35:03 572] isr        1547 ASR_MSG_AUW,   cloud  
[2018/01/08 10:35:03 572] isr        1559 6400  2  
[2018/01/08 10:35:03 772] isr        1547 ASR_MSG_AUW,   cloud  
[2018/01/08 10:35:03 772] isr        1559 6400  2  
[2018/01/08 10:35:03 973] isr        1547 ASR_MSG_AUW,   cloud  
[2018/01/08 10:35:03 973] isr        1559 6400  2  
[2018/01/08 10:35:04 173] isr        1547 ASR_MSG_AUW,   cloud  
[2018/01/08 10:35:04 173] isr        1559 6400  2  
[2018/01/08 10:35:04 373] isr        1547 ASR_MSG_AUW,   cloud  
[2018/01/08 10:35:04 373] isr        1559 6400  2  
[2018/01/08 10:35:04 574] isr        1547 ASR_MSG_AUW,   cloud  
[2018/01/08 10:35:04 574] isr        1559 6400  2  
[2018/01/08 10:35:04 774] isr        1547 ASR_MSG_AUW,   cloud  
[2018/01/08 10:35:04 774] isr        1559 6400  2  
[2018/01/08 10:35:04 974] isr        1547 ASR_MSG_AUW,   cloud  
[2018/01/08 10:35:04 974] isr        1559 6400  2  
[2018/01/08 10:35:05 174] isr        1547 ASR_MSG_AUW,   cloud  
[2018/01/08 10:35:05 174] isr        1559 6400  2  
[2018/01/08 10:35:05 375] isr        1547 ASR_MSG_AUW,   cloud  
[2018/01/08 10:35:05 375] isr        1559 6400  2  
[2018/01/08 10:35:05 575] isr        1547 ASR_MSG_AUW,   cloud  
[2018/01/08 10:35:05 575] isr        1559 6400  2  
[2018/01/08 10:35:05 775] isr        1547 ASR_MSG_AUW,   cloud  
[2018/01/08 10:35:05 775] isr        1559 6400  2  
[2018/01/08 10:35:05 976] isr        1547 ASR_MSG_AUW,   cloud  
[2018/01/08 10:35:05 976] isr        1559 6400  2  
[2018/01/08 10:35:06 176] isr        1547 ASR_MSG_AUW,   cloud  
[2018/01/08 10:35:06 176] isr        1559 6400  2  
[2018/01/08 10:35:06 376] isr        1547 ASR_MSG_AUW,   cloud  
[2018/01/08 10:35:06 376] isr        1559 6400  2  
[2018/01/08 10:35:06 576] isr        1547 ASR_MSG_AUW,   cloud  
[2018/01/08 10:35:06 577] isr        1559 6400  2  
[2018/01/08 10:35:06 777] isr        1547 ASR_MSG_AUW,   cloud  
[2018/01/08 10:35:06 777] isr        1559 6400  2  
[2018/01/08 10:35:06 977] isr        1547 ASR_MSG_AUW,   cloud  
[2018/01/08 10:35:06 977] isr        1559 6400  2  
[2018/01/08 10:35:07 177] isr        1547 ASR_MSG_AUW,   cloud  
[2018/01/08 10:35:07 177] isr        1559 6400  2  
[2018/01/08 10:35:07 378] isr        1547 ASR_MSG_AUW,   cloud  
[2018/01/08 10:35:07 378] isr        1559 6400  2  
[2018/01/08 10:35:07 578] isr        1547 ASR_MSG_AUW,   cloud  
[2018/01/08 10:35:07 578] isr        1559 6400  2  
[2018/01/08 10:35:07 778] isr        1547 ASR_MSG_AUW,   cloud  
[2018/01/08 10:35:07 778] isr        1559 6400  2  
[2018/01/08 10:35:07 979] isr        1547 ASR_MSG_AUW,   cloud  
[2018/01/08 10:35:07 979] isr        1559 9730  2  
[2018/01/08 10:35:08 012] isr        662  cloud_rslt_cb status =   0  
[2018/01/08 10:35:08 012] isr        641  process_result call:  cloud  udata(f8036808) 0  nil  
[2018/01/08 10:35:08 179] isr        1547 ASR_MSG_AUW,   cloud  
[2018/01/08 10:35:08 179] isr        1559 0  4  
[2018/01/08 10:35:08 179] isr        1592 aud end, USER  
[2018/01/08 10:35:08 180] isr        854  [aud] speech end  
[2018/01/08 10:35:08 180] isr        798  3  msc  
[2018/01/08 10:35:08 180] isr        1636 ASR_MSG_GRSLT,   cloud  
[2018/01/08 10:35:08 180] isr        1335 0  udata(f8036808) 0  
[2018/01/08 10:35:08 234] isr        700  cloud_status_cb, eps:  3  
[2018/01/08 10:35:08 235] isr        798  3  cloud  
[2018/01/08 10:35:08 235] isr        800  already speech end  
[2018/01/08 10:35:08 236] isr        662  cloud_rslt_cb status =   5  
[2018/01/08 10:35:08 236] isr        641  process_result call:  cloud  udata(f804cd18) 5  nil  
[2018/01/08 10:35:08 236] isr        798  3  msc  
[2018/01/08 10:35:08 236] isr        800  already speech end  
[2018/01/08 10:35:08 330] isr        1636 ASR_MSG_GRSLT,   cloud  
[2018/01/08 10:35:08 330] isr        1335 0  udata(f804cd18) 5  
[2018/01/08 10:35:08 481] isr        1639 ASR_MSG_SSE,   cloud  
[2018/01/08 10:35:08 481] isr        1356 session_end() [in]  
[2018/01/08 10:35:08 481] isr        1421 cloud_session_end() [in]  
[2018/01/08 10:35:08 482] isr        1488 ns_host=  open.xf-yun.com  
[2018/01/08 10:35:08 482] isr        1498 tick()mod=  3467990  
[2018/01/08 10:35:08 482] isr        1499 tick()=  3467990  
[2018/01/08 10:35:08 482] isr        1501 diff=  6558  
[2018/01/08 10:35:08 482] isr        1514 cloud_session_end() [out]  
[2018/01/08 10:35:08 482] isr        1667 isr unload!  
============================================================
Time  2018/01/08 10:39:38 196 
============================================================
[2018/01/08 10:39:38 196] isr        1659 isr loaded!  
[2018/01/08 10:39:38 196] isr        1642 SYS_MSG_REGCB param0 =   msp_status_cb  param1 =   func(3402ccf0) 
[2018/01/08 10:39:38 196] isr        1537 ASR_MSG_SSB  
[2018/01/08 10:39:38 197] isr        1066 session_begin() [in], params:   sub = iat, domain = iat, language = zh_cn, accent = mandarin, sample_rate = 16000, result_type = plain, result_encoding = utf8  nil  
[2018/01/08 10:39:38 197] isr        927  vad_set [in]  
[2018/01/08 10:39:38 197] isr        962  vad_enable :  true  
[2018/01/08 10:39:38 197] isr        980  vad_bos :  10000  
[2018/01/08 10:39:38 197] isr        981  vad_eos :  2000  
[2018/01/08 10:39:38 197] isr        886  enable_vad [in]  
[2018/01/08 10:39:38 197] isr        918  vad enabled!  2000  10000  
[2018/01/08 10:39:38 197] isr        921  enable_vad [out]  
[2018/01/08 10:39:38 197] isr        987  vad_set [out] | ret =  0  
[2018/01/08 10:39:38 197] isr        1187 cur_engine_type =   cloud  
[2018/01/08 10:39:38 197] isr        1001 cloud_session_begin  
[2018/01/08 10:39:38 197] isr        1013 standard  
[2018/01/08 10:39:38 199] isr        1547 ASR_MSG_AUW,   cloud  
[2018/01/08 10:39:38 199] isr        1559 6400  1  
[2018/01/08 10:39:38 199] isr        1569 once_bytes:   6400  
[2018/01/08 10:39:38 205] isr        851  [aud] speech start  
[2018/01/08 10:39:38 205] isr        798  1  msc  
[2018/01/08 10:39:38 406] isr        1547 ASR_MSG_AUW,   cloud  
[2018/01/08 10:39:38 406] isr        1559 6400  2  
[2018/01/08 10:39:38 438] isr        700  cloud_status_cb, eps:  1  
[2018/01/08 10:39:38 438] isr        798  1  cloud  
[2018/01/08 10:39:38 438] isr        813  cloud eps ignored  
[2018/01/08 10:39:38 607] isr        1547 ASR_MSG_AUW,   cloud  
[2018/01/08 10:39:38 607] isr        1559 6400  2  
[2018/01/08 10:39:38 807] isr        1547 ASR_MSG_AUW,   cloud  
[2018/01/08 10:39:38 807] isr        1559 6400  2  
[2018/01/08 10:39:39 007] isr        1547 ASR_MSG_AUW,   cloud  
[2018/01/08 10:39:39 007] isr        1559 6400  2  
[2018/01/08 10:39:39 207] isr        1547 ASR_MSG_AUW,   cloud  
[2018/01/08 10:39:39 208] isr        1559 6400  2  
[2018/01/08 10:39:39 408] isr        1547 ASR_MSG_AUW,   cloud  
[2018/01/08 10:39:39 408] isr        1559 6400  2  
[2018/01/08 10:39:39 608] isr        1547 ASR_MSG_AUW,   cloud  
[2018/01/08 10:39:39 608] isr        1559 6400  2  
[2018/01/08 10:39:39 808] isr        1547 ASR_MSG_AUW,   cloud  
[2018/01/08 10:39:39 808] isr        1559 6400  2  
[2018/01/08 10:39:40 009] isr        1547 ASR_MSG_AUW,   cloud  
[2018/01/08 10:39:40 009] isr        1559 6400  2  
[2018/01/08 10:39:40 209] isr        1547 ASR_MSG_AUW,   cloud  
[2018/01/08 10:39:40 209] isr        1559 6400  2  
[2018/01/08 10:39:40 409] isr        1547 ASR_MSG_AUW,   cloud  
[2018/01/08 10:39:40 410] isr        1559 6400  2  
[2018/01/08 10:39:40 610] isr        1547 ASR_MSG_AUW,   cloud  
[2018/01/08 10:39:40 610] isr        1559 6400  2  
[2018/01/08 10:39:40 810] isr        1547 ASR_MSG_AUW,   cloud  
[2018/01/08 10:39:40 810] isr        1559 6400  2  
[2018/01/08 10:39:41 011] isr        1547 ASR_MSG_AUW,   cloud  
[2018/01/08 10:39:41 011] isr        1559 6400  2  
[2018/01/08 10:39:41 211] isr        1547 ASR_MSG_AUW,   cloud  
[2018/01/08 10:39:41 211] isr        1559 6400  2  
[2018/01/08 10:39:41 411] isr        1547 ASR_MSG_AUW,   cloud  
[2018/01/08 10:39:41 411] isr        1559 6400  2  
[2018/01/08 10:39:41 612] isr        1547 ASR_MSG_AUW,   cloud  
[2018/01/08 10:39:41 612] isr        1559 6400  2  
[2018/01/08 10:39:41 812] isr        1547 ASR_MSG_AUW,   cloud  
[2018/01/08 10:39:41 812] isr        1559 6400  2  
[2018/01/08 10:39:42 012] isr        1547 ASR_MSG_AUW,   cloud  
[2018/01/08 10:39:42 012] isr        1559 6400  2  
[2018/01/08 10:39:42 212] isr        1547 ASR_MSG_AUW,   cloud  
[2018/01/08 10:39:42 212] isr        1559 6400  2  
[2018/01/08 10:39:42 413] isr        1547 ASR_MSG_AUW,   cloud  
[2018/01/08 10:39:42 413] isr        1559 6400  2  
[2018/01/08 10:39:42 613] isr        1547 ASR_MSG_AUW,   cloud  
[2018/01/08 10:39:42 613] isr        1559 6400  2  
[2018/01/08 10:39:42 813] isr        1547 ASR_MSG_AUW,   cloud  
[2018/01/08 10:39:42 813] isr        1559 6400  2  
[2018/01/08 10:39:43 013] isr        1547 ASR_MSG_AUW,   cloud  
[2018/01/08 10:39:43 014] isr        1559 6974  2  
[2018/01/08 10:39:43 051] isr        662  cloud_rslt_cb status =   0  
[2018/01/08 10:39:43 051] isr        641  process_result call:  cloud  udata(34034a38) 0  nil  
[2018/01/08 10:39:43 214] isr        1547 ASR_MSG_AUW,   cloud  
[2018/01/08 10:39:43 214] isr        1559 0  4  
[2018/01/08 10:39:43 214] isr        1592 aud end, USER  
[2018/01/08 10:39:43 214] isr        854  [aud] speech end  
[2018/01/08 10:39:43 214] isr        798  3  msc  
[2018/01/08 10:39:43 215] isr        1636 ASR_MSG_GRSLT,   cloud  
[2018/01/08 10:39:43 215] isr        1335 0  udata(34034a38) 0  
[2018/01/08 10:39:43 244] isr        700  cloud_status_cb, eps:  3  
[2018/01/08 10:39:43 244] isr        798  3  cloud  
[2018/01/08 10:39:43 244] isr        800  already speech end  
[2018/01/08 10:39:43 245] isr        662  cloud_rslt_cb status =   5  
[2018/01/08 10:39:43 245] isr        641  process_result call:  cloud  udata(340329b8) 5  nil  
[2018/01/08 10:39:43 245] isr        798  3  msc  
[2018/01/08 10:39:43 245] isr        800  already speech end  
[2018/01/08 10:39:43 366] isr        1636 ASR_MSG_GRSLT,   cloud  
[2018/01/08 10:39:43 366] isr        1335 0  udata(340329b8) 5  
[2018/01/08 10:39:43 516] isr        1639 ASR_MSG_SSE,   cloud  
[2018/01/08 10:39:43 516] isr        1356 session_end() [in]  
[2018/01/08 10:39:43 516] isr        1421 cloud_session_end() [in]  
[2018/01/08 10:39:43 517] isr        1488 ns_host=  open.xf-yun.com  
[2018/01/08 10:39:43 517] isr        1498 tick()mod=  3743025  
[2018/01/08 10:39:43 517] isr        1499 tick()=  3743025  
[2018/01/08 10:39:43 517] isr        1501 diff=  5190  
[2018/01/08 10:39:43 517] isr        1514 cloud_session_end() [out]  
[2018/01/08 10:39:43 518] isr        1667 isr unload!  
